<?xml version="1.0" encoding="UTF-8"?>
<!-- Generated by org.testng.reporters.JUnitReportReporter -->
<testsuite hostname="ShubhamShiv007" failures="0" tests="3" name="First.Quick" time="13.942" errors="0" timestamp="2024-05-28T16:47:33 IST" skipped="2">
  <testcase classname="First.Quick" name="before" time="13.942"/>
  <system-out/>
  <testcase classname="First.Quick" name="createAccount">
    <skipped/>
  </testcase> <!-- createAccount -->
  <system-out/>
  <testcase classname="First.Quick" name="Dynamic_webtables">
    <skipped/>
  </testcase> <!-- Dynamic_webtables -->
  <system-out/>
</testsuite> <!-- First.Quick -->
